#
# There is insufficient memory for the Java Runtime Environment to continue.
# Native memory allocation (malloc) failed to allocate 66016 bytes for Chunk::new
# Possible reasons:
#   The system is out of physical RAM or swap space
#   In 32 bit mode, the process size limit was hit
# Possible solutions:
#   Reduce memory load on the system
#   Increase physical memory or swap space
#   Check if swap backing store is full
#   Use 64 bit Java on a 64 bit OS
#   Decrease Java heap size (-Xmx/-Xms)
#   Decrease number of Java threads
#   Decrease Java thread stack sizes (-Xss)
#   Set larger code cache with -XX:ReservedCodeCacheSize=
# This output file may be truncated or incomplete.
#
#  Out of Memory Error (allocation.cpp:390), pid=2444, tid=0x0000000000001970
#
# JRE version: OpenJDK Runtime Environment (8.0_152-b01) (build 1.8.0_152-release-1343-b01)
# Java VM: OpenJDK 64-Bit Server VM (25.152-b01 mixed mode windows-amd64 compressed oops)
# Failed to write core dump. Minidumps are not enabled by default on client versions of Windows
#

---------------  T H R E A D  ---------------

Current thread (0x0000000057617800):  JavaThread "C2 CompilerThread2" daemon [_thread_in_native, id=6512, stack(0x0000000059030000,0x0000000059130000)]

Stack: [0x0000000059030000,0x0000000059130000]
[error occurred during error reporting (printing stack bounds), id 0xc0000005]

Native frames: (J=compiled Java code, j=interpreted, Vv=VM code, C=native code)


Current CompileTask:
C2:5308593 21531   !   4       sun.nio.fs.WindowsChannelFactory::open (423 bytes)


---------------  P R O C E S S  ---------------

Java Threads: ( => current thread )
  0x000000005c5d1800 JavaThread "ForkJoinPool.commonPool-worker-5" daemon [_thread_in_Java, id=7992, stack(0x000000006bf20000,0x000000006c020000)]
  0x000000005c5d3000 JavaThread "ForkJoinPool.commonPool-worker-4" daemon [_thread_in_Java, id=3424, stack(0x000000006be20000,0x000000006bf20000)]
  0x000000005c5cd000 JavaThread "ForkJoinPool.commonPool-worker-3" daemon [_thread_in_Java, id=6136, stack(0x000000006bc20000,0x000000006bd20000)]
  0x000000005d2af000 JavaThread "ForkJoinPool.commonPool-worker-2" daemon [_thread_in_Java, id=7916, stack(0x0000000069e10000,0x0000000069f10000)]
  0x000000005d2ac000 JavaThread "Cache worker for Java compile cache (C:\Users\user\AndroidStudioProjects\Kevin\.gradle\5.1.1\javaCompile)" [_thread_blocked, id=7852, stack(0x0000000069ca0000,0x0000000069da0000)]
  0x000000005d2ae000 JavaThread "stdout" daemon [_thread_in_native, id=7416, stack(0x0000000069ad0000,0x0000000069bd0000)]
  0x000000005d2b1000 JavaThread "stderr" daemon [_thread_in_native, id=1152, stack(0x0000000069980000,0x0000000069a80000)]
  0x000000005d2af800 JavaThread "stdout" daemon [_thread_in_native, id=7864, stack(0x00000000697b0000,0x00000000698b0000)]
  0x000000005d2b0800 JavaThread "stderr" daemon [_thread_in_native, id=3552, stack(0x0000000067dc0000,0x0000000067ec0000)]
  0x000000005d2ab000 JavaThread "pool-50-thread-1" [_thread_blocked, id=748, stack(0x00000000671b0000,0x00000000672b0000)]
  0x000000005d2ac800 JavaThread "ForkJoinPool.commonPool-worker-1" daemon [_thread_in_Java, id=5644, stack(0x0000000067bb0000,0x0000000067cb0000)]
  0x000000005a088800 JavaThread "ForkJoinPool.commonPool-worker-0" daemon [_thread_in_Java, id=7696, stack(0x0000000064e70000,0x0000000064f70000)]
  0x000000005a090000 JavaThread "ForkJoinPool.commonPool-worker-7" daemon [_thread_in_Java, id=3212, stack(0x0000000067a00000,0x0000000067b00000)]
  0x000000005a08b000 JavaThread "Cache worker for execution history cache (C:\Users\user\AndroidStudioProjects\Kevin\.gradle\5.1.1\executionHistory)" [_thread_blocked, id=4944, stack(0x00000000672b0000,0x00000000673b0000)]
  0x000000005a08c800 JavaThread "Execution worker for ':' Thread 7" [_thread_blocked, id=6296, stack(0x00000000655f0000,0x00000000656f0000)]
  0x000000005a08b800 JavaThread "Execution worker for ':' Thread 6" [_thread_blocked, id=5692, stack(0x00000000641d0000,0x00000000642d0000)]
  0x000000005a08e000 JavaThread "Execution worker for ':' Thread 5" [_thread_blocked, id=348, stack(0x0000000066fd0000,0x00000000670d0000)]
  0x000000005a088000 JavaThread "Execution worker for ':' Thread 4" [_thread_blocked, id=6196, stack(0x0000000065830000,0x0000000065930000)]
  0x000000005a083800 JavaThread "Execution worker for ':' Thread 3" [_thread_blocked, id=7820, stack(0x0000000065270000,0x0000000065370000)]
  0x000000005e052000 JavaThread "Execution worker for ':' Thread 2" [_thread_blocked, id=6532, stack(0x00000000650e0000,0x00000000651e0000)]
  0x000000005e057800 JavaThread "Execution worker for ':'" [_thread_blocked, id=7456, stack(0x0000000064f70000,0x0000000065070000)]
  0x000000005e055000 JavaThread "Cache worker for file content cache (C:\Users\user\AndroidStudioProjects\Kevin\.gradle\5.1.1\fileContent)" [_thread_blocked, id=3772, stack(0x0000000064d70000,0x0000000064e70000)]
  0x000000005e054800 JavaThread "Cache worker for Build Output Cleanup Cache (C:\Users\user\AndroidStudioProjects\Kevin\.gradle\buildOutputCleanup)" [_thread_blocked, id=2756, stack(0x00000000644b0000,0x00000000645b0000)]
  0x000000005e053000 JavaThread "Build operations Thread 8" [_thread_blocked, id=8120, stack(0x0000000061b00000,0x0000000061c00000)]
  0x000000005e056000 JavaThread "Build operations Thread 7" [_thread_blocked, id=7496, stack(0x00000000642e0000,0x00000000643e0000)]
  0x000000005e056800 JavaThread "Build operations Thread 6" [_thread_blocked, id=7948, stack(0x0000000064060000,0x0000000064160000)]
  0x000000005e050800 JavaThread "Build operations Thread 5" [_thread_blocked, id=5408, stack(0x00000000628a0000,0x00000000629a0000)]
  0x000000005e051800 JavaThread "Build operations Thread 4" [_thread_blocked, id=4692, stack(0x00000000622f0000,0x00000000623f0000)]
  0x000000005aa1c800 JavaThread "Build operations Thread 3" [_thread_blocked, id=5828, stack(0x00000000621b0000,0x00000000622b0000)]
  0x000000005aa1a800 JavaThread "Build operations Thread 2" [_thread_blocked, id=1644, stack(0x0000000062080000,0x0000000062180000)]
  0x000000005aa1b000 JavaThread "Build operations" [_thread_blocked, id=7504, stack(0x0000000061f60000,0x0000000062060000)]
  0x000000005aa1d800 JavaThread "Cache worker for cache directory md-rule (C:\Users\user\.gradle\caches\5.1.1\md-rule)" [_thread_blocked, id=1876, stack(0x000000005bb00000,0x000000005bc00000)]
  0x000000005aa18000 JavaThread "Cache worker for cache directory md-supplier (C:\Users\user\.gradle\caches\5.1.1\md-supplier)" [_thread_blocked, id=3736, stack(0x0000000061c10000,0x0000000061d10000)]
  0x000000005aa1c000 JavaThread "Cache worker for file hash cache (C:\Users\user\AndroidStudioProjects\Kevin\.gradle\5.1.1\fileHashes)" [_thread_blocked, id=628, stack(0x00000000619e0000,0x0000000061ae0000)]
  0x000000005aa19000 JavaThread "Thread-443" [_thread_blocked, id=4776, stack(0x0000000061800000,0x0000000061900000)]
  0x00000000605dc000 JavaThread "Stdin handler" [_thread_blocked, id=7176, stack(0x000000005e340000,0x000000005e440000)]
  0x00000000605dd800 JavaThread "Asynchronous log dispatcher for DefaultDaemonConnection: socket connection from /127.0.0.1:50732 to /127.0.0.1:54947" [_thread_blocked, id=7192, stack(0x000000005b2c0000,0x000000005b3c0000)]
  0x00000000605d8000 JavaThread "Daemon worker Thread 9" [_thread_blocked, id=7788, stack(0x000000005bc90000,0x000000005bd90000)]
  0x00000000605df000 JavaThread "Cancel handler" [_thread_blocked, id=8188, stack(0x000000005ba00000,0x000000005bb00000)]
  0x00000000605d9800 JavaThread "Handler for socket connection from /127.0.0.1:50732 to /127.0.0.1:54947" [_thread_in_native, id=6420, stack(0x000000005b190000,0x000000005b290000)]
  0x00000000605d9000 JavaThread "Daemon Thread 9" [_thread_blocked, id=6864, stack(0x000000005b810000,0x000000005b910000)]
  0x000000005c5ce800 JavaThread "Cache worker for Java compile cache (C:\Users\user\.gradle\caches\5.1.1\javaCompile)" [_thread_blocked, id=2524, stack(0x0000000065710000,0x0000000065810000)]
  0x000000005cd3e000 JavaThread "Cache worker for file content cache (C:\Users\user\.gradle\caches\5.1.1\fileContent)" [_thread_blocked, id=7040, stack(0x0000000063ec0000,0x0000000063fc0000)]
  0x000000005cd3d800 JavaThread "Memory manager" [_thread_blocked, id=2856, stack(0x0000000063ae0000,0x0000000063be0000)]
  0x000000005a08a000 JavaThread "Cache worker for execution history cache (C:\Users\user\.gradle\caches\5.1.1\executionHistory)" [_thread_blocked, id=7112, stack(0x000000005fbe0000,0x000000005fce0000)]
  0x000000005a082800 JavaThread "Cache worker for journal cache (C:\Users\user\.gradle\caches\journal-1)" [_thread_blocked, id=6084, stack(0x000000005bf00000,0x000000005c000000)]
  0x000000005a082000 JavaThread "File lock request listener" [_thread_in_native, id=5464, stack(0x000000005c010000,0x000000005c110000)]
  0x000000005a8e6800 JavaThread "Cache worker for file hash cache (C:\Users\user\.gradle\caches\5.1.1\fileHashes)" [_thread_blocked, id=3204, stack(0x000000005bdd0000,0x000000005bed0000)]
  0x000000005a4f7800 JavaThread "Daemon periodic checks" [_thread_blocked, id=4768, stack(0x000000005b040000,0x000000005b140000)]
  0x000000005a4f2000 JavaThread "Incoming local TCP Connector on port 50732" [_thread_in_native, id=5260, stack(0x000000005af40000,0x000000005b040000)]
  0x0000000057696000 JavaThread "Service Thread" daemon [_thread_blocked, id=6012, stack(0x0000000059130000,0x0000000059230000)]
  0x0000000057628000 JavaThread "C1 CompilerThread3" daemon [_thread_blocked, id=2448, stack(0x0000000058c00000,0x0000000058d00000)]
=>0x0000000057617800 JavaThread "C2 CompilerThread2" daemon [_thread_in_native, id=6512, stack(0x0000000059030000,0x0000000059130000)]
  0x0000000057612800 JavaThread "C2 CompilerThread1" daemon [_thread_blocked, id=6576, stack(0x0000000058ee0000,0x0000000058fe0000)]
  0x0000000057607800 JavaThread "C2 CompilerThread0" daemon [_thread_blocked, id=5448, stack(0x0000000058d00000,0x0000000058e00000)]
  0x00000000575fe800 JavaThread "Attach Listener" daemon [_thread_blocked, id=2140, stack(0x00000000589b0000,0x0000000058ab0000)]
  0x00000000575fd800 JavaThread "Signal Dispatcher" daemon [_thread_blocked, id=2884, stack(0x0000000058ae0000,0x0000000058be0000)]
  0x000000005654c000 JavaThread "Finalizer" daemon [_thread_blocked, id=1052, stack(0x0000000058850000,0x0000000058950000)]
  0x0000000056545800 JavaThread "Reference Handler" daemon [_thread_blocked, id=6948, stack(0x0000000058670000,0x0000000058770000)]
  0x0000000001e5e800 JavaThread "main" [_thread_blocked, id=5632, stack(0x0000000002130000,0x0000000002230000)]

Other Threads:
  0x00000000575b0800 VMThread [stack: 0x0000000058510000,0x0000000058610000] [id=4076]
  0x000000005765c000 WatcherThread [stack: 0x00000000593b0000,0x00000000594b0000] [id=3644]

VM state:not at safepoint (normal execution)

VM Mutex/Monitor currently owned by a thread: None

Heap:
 PSYoungGen      total 128512K, used 46201K [0x00000000e0000000, 0x00000000e9c80000, 0x0000000100000000)
  eden space 112128K, 26% used [0x00000000e0000000,0x00000000e1d5a738,0x00000000e6d80000)
  from space 16384K, 98% used [0x00000000e7100000,0x00000000e80c4068,0x00000000e8100000)
  to   space 24064K, 0% used [0x00000000e8500000,0x00000000e8500000,0x00000000e9c80000)
 ParOldGen       total 96768K, used 55481K [0x00000000a0000000, 0x00000000a5e80000, 0x00000000e0000000)
  object space 96768K, 57% used [0x00000000a0000000,0x00000000a362e6e0,0x00000000a5e80000)
 Metaspace       used 91535K, capacity 97534K, committed 97688K, reserved 1134592K
  class space    used 11646K, capacity 12628K, committed 12712K, reserved 1048576K

Card table byte_map: [0x00000000118c0000,0x0000000011bd0000] byte_map_base: 0x00000000113c0000

Marking Bits: (ParMarkBitMap*) 0x000000006a745aa0
 Begin Bits: [0x0000000012860000, 0x0000000014060000)
 End Bits:   [0x0000000014060000, 0x0000000015860000)

Polling page: 0x0000000000110000

CodeCache: size=245760Kb used=56979Kb max_used=57105Kb free=188780Kb
 bounds [0x0000000002500000, 0x0000000005d20000, 0x0000000011500000]
 total_blobs=17651 nmethods=16771 adapters=790
 compilation: enabled

Compilation events (10 events):
Event: 5307.360 Thread 0x0000000057628000 21527       1       com.android.build.gradle.internal.pipeline.ImmutableTransformInput::getJarInputs (5 bytes)
Event: 5307.360 Thread 0x0000000057628000 nmethod 21527 0x00000000055ce110 code [0x00000000055ce260, 0x00000000055ce370]
Event: 5307.370 Thread 0x0000000057607800 nmethod 21526 0x0000000002757750 code [0x0000000002757d60, 0x00000000027582f8]
Event: 5307.401 Thread 0x0000000057628000 21528       3       java.nio.Bits::unreserveMemory (63 bytes)
Event: 5307.410 Thread 0x0000000057628000 nmethod 21528 0x0000000004cb8450 code [0x0000000004cb85c0, 0x0000000004cb89f0]
Event: 5307.412 Thread 0x0000000057617800 21531   !   4       sun.nio.fs.WindowsChannelFactory::open (423 bytes)
Event: 5307.416 Thread 0x0000000057628000 21529       3       com.android.tools.r8.D8Command$Builder::self (5 bytes)
Event: 5307.417 Thread 0x0000000057628000 nmethod 21529 0x0000000004716650 code [0x00000000047167c0, 0x0000000004716990]
Event: 5307.417 Thread 0x0000000057628000 21530       1       com.android.tools.r8.BaseCommand$Builder::getReporter (5 bytes)
Event: 5307.417 Thread 0x0000000057628000 nmethod 21530 0x000000000479ac90 code [0x000000000479ade0, 0x000000000479aef0]

GC Heap History (10 events):
Event: 4038.118 GC heap before
{Heap before GC invocations=32 (full 3):
 PSYoungGen      total 153088K, used 148641K [0x00000000e0000000, 0x00000000eb280000, 0x0000000100000000)
  eden space 131584K, 99% used [0x00000000e0000000,0x00000000e7ff0748,0x00000000e8080000)
  from space 21504K, 81% used [0x00000000e9d80000,0x00000000eaeb7f08,0x00000000eb280000)
  to   space 25600K, 0% used [0x00000000e8080000,0x00000000e8080000,0x00000000e9980000)
 ParOldGen       total 96768K, used 51748K [0x00000000a0000000, 0x00000000a5e80000, 0x00000000e0000000)
  object space 96768K, 53% used [0x00000000a0000000,0x00000000a32892d0,0x00000000a5e80000)
 Metaspace       used 90078K, capacity 94532K, committed 94616K, reserved 1132544K
  class space    used 11410K, capacity 12193K, committed 12200K, reserved 1048576K
Event: 4038.135 GC heap after
Heap after GC invocations=32 (full 3):
 PSYoungGen      total 149504K, used 21727K [0x00000000e0000000, 0x00000000eb280000, 0x0000000100000000)
  eden space 127488K, 0% used [0x00000000e0000000,0x00000000e0000000,0x00000000e7c80000)
  from space 22016K, 98% used [0x00000000e8080000,0x00000000e95b7de8,0x00000000e9600000)
  to   space 27648K, 0% used [0x00000000e9780000,0x00000000e9780000,0x00000000eb280000)
 ParOldGen       total 96768K, used 51756K [0x00000000a0000000, 0x00000000a5e80000, 0x00000000e0000000)
  object space 96768K, 53% used [0x00000000a0000000,0x00000000a328b2d0,0x00000000a5e80000)
 Metaspace       used 90078K, capacity 94532K, committed 94616K, reserved 1132544K
  class space    used 11410K, capacity 12193K, committed 12200K, reserved 1048576K
}
Event: 4475.668 GC heap before
{Heap before GC invocations=33 (full 3):
 PSYoungGen      total 149504K, used 149215K [0x00000000e0000000, 0x00000000eb280000, 0x0000000100000000)
  eden space 127488K, 100% used [0x00000000e0000000,0x00000000e7c80000,0x00000000e7c80000)
  from space 22016K, 98% used [0x00000000e8080000,0x00000000e95b7de8,0x00000000e9600000)
  to   space 27648K, 0% used [0x00000000e9780000,0x00000000e9780000,0x00000000eb280000)
 ParOldGen       total 96768K, used 51783K [0x00000000a0000000, 0x00000000a5e80000, 0x00000000e0000000)
  object space 96768K, 53% used [0x00000000a0000000,0x00000000a3291eb8,0x00000000a5e80000)
 Metaspace       used 90204K, capacity 94678K, committed 94872K, reserved 1132544K
  class space    used 11412K, capacity 12196K, committed 12200K, reserved 1048576K
Event: 4475.705 GC heap after
Heap after GC invocations=33 (full 3):
 PSYoungGen      total 143872K, used 14640K [0x00000000e0000000, 0x00000000eab80000, 0x0000000100000000)
  eden space 123392K, 0% used [0x00000000e0000000,0x00000000e0000000,0x00000000e7880000)
  from space 20480K, 71% used [0x00000000e9780000,0x00000000ea5cc2e0,0x00000000eab80000)
  to   space 26112K, 0% used [0x00000000e7880000,0x00000000e7880000,0x00000000e9200000)
 ParOldGen       total 96768K, used 51791K [0x00000000a0000000, 0x00000000a5e80000, 0x00000000e0000000)
  object space 96768K, 53% used [0x00000000a0000000,0x00000000a3293eb8,0x00000000a5e80000)
 Metaspace       used 90204K, capacity 94678K, committed 94872K, reserved 1132544K
  class space    used 11412K, capacity 12196K, committed 12200K, reserved 1048576K
}
Event: 4521.238 GC heap before
{Heap before GC invocations=34 (full 3):
 PSYoungGen      total 143872K, used 138001K [0x00000000e0000000, 0x00000000eab80000, 0x0000000100000000)
  eden space 123392K, 99% used [0x00000000e0000000,0x00000000e7878428,0x00000000e7880000)
  from space 20480K, 71% used [0x00000000e9780000,0x00000000ea5cc2e0,0x00000000eab80000)
  to   space 26112K, 0% used [0x00000000e7880000,0x00000000e7880000,0x00000000e9200000)
 ParOldGen       total 96768K, used 51791K [0x00000000a0000000, 0x00000000a5e80000, 0x00000000e0000000)
  object space 96768K, 53% used [0x00000000a0000000,0x00000000a3293eb8,0x00000000a5e80000)
 Metaspace       used 91396K, capacity 97396K, committed 97688K, reserved 1134592K
  class space    used 11645K, capacity 12627K, committed 12712K, reserved 1048576K
Event: 4521.260 GC heap after
Heap after GC invocations=34 (full 3):
 PSYoungGen      total 133120K, used 13587K [0x00000000e0000000, 0x00000000ea580000, 0x0000000100000000)
  eden space 119296K, 0% used [0x00000000e0000000,0x00000000e0000000,0x00000000e7480000)
  from space 13824K, 98% used [0x00000000e7880000,0x00000000e85c4ce0,0x00000000e8600000)
  to   space 25088K, 0% used [0x00000000e8d00000,0x00000000e8d00000,0x00000000ea580000)
 ParOldGen       total 96768K, used 55305K [0x00000000a0000000, 0x00000000a5e80000, 0x00000000e0000000)
  object space 96768K, 57% used [0x00000000a0000000,0x00000000a36026e0,0x00000000a5e80000)
 Metaspace       used 91396K, capacity 97396K, committed 97688K, reserved 1134592K
  class space    used 11645K, capacity 12627K, committed 12712K, reserved 1048576K
}
Event: 5297.371 GC heap before
{Heap before GC invocations=35 (full 3):
 PSYoungGen      total 133120K, used 132883K [0x00000000e0000000, 0x00000000ea580000, 0x0000000100000000)
  eden space 119296K, 100% used [0x00000000e0000000,0x00000000e7480000,0x00000000e7480000)
  from space 13824K, 98% used [0x00000000e7880000,0x00000000e85c4ce0,0x00000000e8600000)
  to   space 25088K, 0% used [0x00000000e8d00000,0x00000000e8d00000,0x00000000ea580000)
 ParOldGen       total 96768K, used 55305K [0x00000000a0000000, 0x00000000a5e80000, 0x00000000e0000000)
  object space 96768K, 57% used [0x00000000a0000000,0x00000000a36026e0,0x00000000a5e80000)
 Metaspace       used 91448K, capacity 97534K, committed 97688K, reserved 1134592K
  class space    used 11646K, capacity 12628K, committed 12712K, reserved 1048576K
Event: 5297.713 GC heap after
Heap after GC invocations=35 (full 3):
 PSYoungGen      total 136192K, used 13536K [0x00000000e0000000, 0x00000000ea100000, 0x0000000100000000)
  eden space 115712K, 0% used [0x00000000e0000000,0x00000000e0000000,0x00000000e7100000)
  from space 20480K, 66% used [0x00000000e8d00000,0x00000000e9a382e0,0x00000000ea100000)
  to   space 24576K, 0% used [0x00000000e7100000,0x00000000e7100000,0x00000000e8900000)
 ParOldGen       total 96768K, used 55409K [0x00000000a0000000, 0x00000000a5e80000, 0x00000000e0000000)
  object space 96768K, 57% used [0x00000000a0000000,0x00000000a361c6e0,0x00000000a5e80000)
 Metaspace       used 91448K, capacity 97534K, committed 97688K, reserved 1134592K
  class space    used 11646K, capacity 12628K, committed 12712K, reserved 1048576K
}
Event: 5305.739 GC heap before
{Heap before GC invocations=36 (full 3):
 PSYoungGen      total 136192K, used 129248K [0x00000000e0000000, 0x00000000ea100000, 0x0000000100000000)
  eden space 115712K, 100% used [0x00000000e0000000,0x00000000e7100000,0x00000000e7100000)
  from space 20480K, 66% used [0x00000000e8d00000,0x00000000e9a382e0,0x00000000ea100000)
  to   space 24576K, 0% used [0x00000000e7100000,0x00000000e7100000,0x00000000e8900000)
 ParOldGen       total 96768K, used 55409K [0x00000000a0000000, 0x00000000a5e80000, 0x00000000e0000000)
  object space 96768K, 57% used [0x00000000a0000000,0x00000000a361c6e0,0x00000000a5e80000)
 Metaspace       used 91512K, capacity 97534K, committed 97688K, reserved 1134592K
  class space    used 11646K, capacity 12628K, committed 12712K, reserved 1048576K
Event: 5305.799 GC heap after
Heap after GC invocations=36 (full 3):
 PSYoungGen      total 128512K, used 16144K [0x00000000e0000000, 0x00000000e9c80000, 0x0000000100000000)
  eden space 112128K, 0% used [0x00000000e0000000,0x00000000e0000000,0x00000000e6d80000)
  from space 16384K, 98% used [0x00000000e7100000,0x00000000e80c4068,0x00000000e8100000)
  to   space 24064K, 0% used [0x00000000e8500000,0x00000000e8500000,0x00000000e9c80000)
 ParOldGen       total 96768K, used 55481K [0x00000000a0000000, 0x00000000a5e80000, 0x00000000e0000000)
  object space 96768K, 57% used [0x00000000a0000000,0x00000000a362e6e0,0x00000000a5e80000)
 Metaspace       used 91512K, capacity 97534K, committed 97688K, reserved 1134592K
  class space    used 11646K, capacity 12628K, committed 12712K, reserved 1048576K
}

Deoptimization events (10 events):
Event: 5298.579 Thread 0x000000005e057800 Uncommon trap: reason=predicate action=maybe_recompile pc=0x0000000005970288 method=java.lang.String.regionMatches(ZILjava/lang/String;II)Z @ 63
Event: 5298.853 Thread 0x000000005e057800 Uncommon trap: reason=bimorphic action=maybe_recompile pc=0x0000000004298338 method=com.google.common.collect.Iterables.isEmpty(Ljava/lang/Iterable;)Z @ 23
Event: 5299.516 Thread 0x000000005e057800 Uncommon trap: reason=array_check action=maybe_recompile pc=0x00000000058fd1b4 method=java.util.ComparableTimSort.mergeHi(IIII)V @ 277
Event: 5299.516 Thread 0x000000005e057800 Uncommon trap: reason=array_check action=maybe_recompile pc=0x00000000059758dc method=java.util.ComparableTimSort.mergeLo(IIII)V @ 240
Event: 5299.516 Thread 0x000000005e057800 Uncommon trap: reason=array_check action=maybe_recompile pc=0x00000000059758dc method=java.util.ComparableTimSort.mergeLo(IIII)V @ 240
Event: 5299.516 Thread 0x000000005e057800 Uncommon trap: reason=array_check action=maybe_recompile pc=0x00000000058fd1b4 method=java.util.ComparableTimSort.mergeHi(IIII)V @ 277
Event: 5299.517 Thread 0x000000005e057800 Uncommon trap: reason=array_check action=maybe_recompile pc=0x0000000004916080 method=java.util.ComparableTimSort.mergeLo(IIII)V @ 240
Event: 5299.550 Thread 0x000000005e057800 Uncommon trap: reason=array_check action=maybe_recompile pc=0x0000000005c67940 method=java.util.ComparableTimSort.mergeLo(IIII)V @ 371
Event: 5299.550 Thread 0x000000005e057800 Uncommon trap: reason=array_check action=maybe_recompile pc=0x0000000005c67940 method=java.util.ComparableTimSort.mergeLo(IIII)V @ 371
Event: 5299.734 Thread 0x000000005e057800 Uncommon trap: reason=class_check action=maybe_recompile pc=0x00000000044c6f04 method=com.sun.tools.javac.comp.Check.checkType(Lcom/sun/tools/javac/util/JCDiagnostic$DiagnosticPosition;Lcom/sun/tools/javac/code/Type;Lcom/sun/tools/javac/code/Type;Lcom/sun

Classes redefined (0 events):
No events

Internal exceptions (10 events):
Event: 4475.269 Thread 0x00000000605d9800 Exception <a 'sun/nio/fs/WindowsException'> (0x00000000e5f803b0) thrown at [D:\src\AOSP-openjdk-cygwin\jdk8u\hotspot\src\share\vm\prims\jni.cpp, line 709]
Event: 4517.491 Thread 0x00000000605d9800 Exception <a 'sun/nio/fs/WindowsException'> (0x00000000e2b16300) thrown at [D:\src\AOSP-openjdk-cygwin\jdk8u\hotspot\src\share\vm\prims\jni.cpp, line 709]
Event: 5286.103 Thread 0x00000000605d8000 Exception <a 'sun/nio/fs/WindowsException'> (0x00000000e2b26f00) thrown at [D:\src\AOSP-openjdk-cygwin\jdk8u\hotspot\src\share\vm\prims\jni.cpp, line 709]
Event: 5307.402 Thread 0x000000005a090000 Exception <a 'sun/nio/fs/WindowsException'> (0x00000000e192ceb0) thrown at [D:\src\AOSP-openjdk-cygwin\jdk8u\hotspot\src\share\vm\prims\jni.cpp, line 709]
Event: 5307.403 Thread 0x000000005c5d3000 Exception <a 'sun/nio/fs/WindowsException'> (0x00000000e19ded88) thrown at [D:\src\AOSP-openjdk-cygwin\jdk8u\hotspot\src\share\vm\prims\jni.cpp, line 709]
Event: 5307.404 Thread 0x000000005c5d1800 Exception <a 'sun/nio/fs/WindowsException'> (0x00000000e19fe7c0) thrown at [D:\src\AOSP-openjdk-cygwin\jdk8u\hotspot\src\share\vm\prims\jni.cpp, line 709]
Event: 5307.427 Thread 0x000000005a088800 Exception <a 'sun/nio/fs/WindowsException'> (0x00000000e1c1d6b0) thrown at [D:\src\AOSP-openjdk-cygwin\jdk8u\hotspot\src\share\vm\prims\jni.cpp, line 709]
Event: 5307.429 Thread 0x000000005d2af000 Exception <a 'sun/nio/fs/WindowsException'> (0x00000000e1c477f8) thrown at [D:\src\AOSP-openjdk-cygwin\jdk8u\hotspot\src\share\vm\prims\jni.cpp, line 709]
Event: 5307.430 Thread 0x000000005d2ac800 Exception <a 'sun/nio/fs/WindowsException'> (0x00000000e1c74930) thrown at [D:\src\AOSP-openjdk-cygwin\jdk8u\hotspot\src\share\vm\prims\jni.cpp, line 709]
Event: 5307.430 Thread 0x000000005c5cd000 Exception <a 'sun/nio/fs/WindowsException'> (0x00000000e1c807c8) thrown at [D:\src\AOSP-openjdk-cygwin\jdk8u\hotspot\src\share\vm\prims\jni.cpp, line 709]

Events (10 events):
Event: 5306.912 Executing VM operation: RevokeBias done
Event: 5306.918 Thread 0x0000000057628000 flushing nmethod 0x0000000003645150
Event: 5306.918 Thread 0x0000000057628000 flushing nmethod 0x0000000003657350
Event: 5306.919 Thread 0x0000000057628000 flushing nmethod 0x0000000003659850
Event: 5306.923 Thread 0x0000000057628000 flushing nmethod 0x00000000039a7750
Event: 5306.926 Thread 0x0000000057628000 flushing nmethod 0x0000000003deee90
Event: 5306.936 loading class org/gradle/internal/snapshot/impl/DefaultFileSystemSnapshotter$1
Event: 5306.936 loading class org/gradle/internal/snapshot/impl/DefaultFileSystemSnapshotter$1 done
Event: 5306.938 Thread 0x0000000057628000 flushing nmethod 0x00000000050d7f90
Event: 5306.940 Thread 0x0000000057628000 flushing nmethod 0x00000000055ce110


Dynamic libraries:
0x000000013fb10000 - 0x000000013fb41000 	C:\Program Files\Android\Android Studio2\jre\bin\java.exe
0x0000000077aa0000 - 0x0000000077c3f000 	C:\Windows\SYSTEM32\ntdll.dll
0x0000000077880000 - 0x000000007799f000 	C:\Windows\system32\kernel32.dll
0x000007fefd6d0000 - 0x000007fefd737000 	C:\Windows\system32\KERNELBASE.dll
0x000007fefee10000 - 0x000007fefeeeb000 	C:\Windows\system32\ADVAPI32.dll
0x000007feff120000 - 0x000007feff1bf000 	C:\Windows\system32\msvcrt.dll
0x000007feff3c0000 - 0x000007feff3df000 	C:\Windows\SYSTEM32\sechost.dll
0x000007feff3e0000 - 0x000007feff50c000 	C:\Windows\system32\RPCRT4.dll
0x00000000779a0000 - 0x0000000077a9a000 	C:\Windows\system32\USER32.dll
0x000007feff2b0000 - 0x000007feff317000 	C:\Windows\system32\GDI32.dll
0x000007feff9c0000 - 0x000007feff9ce000 	C:\Windows\system32\LPK.dll
0x000007fefde60000 - 0x000007fefdf2b000 	C:\Windows\system32\USP10.dll
0x000007fefbdd0000 - 0x000007fefbfc5000 	C:\Windows\WinSxS\amd64_microsoft.windows.common-controls_6595b64144ccf1df_6.0.7601.24460_none_e3711c5330fd38b4\COMCTL32.dll
0x000007feff230000 - 0x000007feff2a1000 	C:\Windows\system32\SHLWAPI.dll
0x000007feffbd0000 - 0x000007feffbfe000 	C:\Windows\system32\IMM32.DLL
0x000007feffc00000 - 0x000007feffd09000 	C:\Windows\system32\MSCTF.dll
0x000000005f4b0000 - 0x000000005f582000 	C:\Program Files\Android\Android Studio2\jre\jre\bin\msvcr100.dll
0x0000000069f80000 - 0x000000006a7c1000 	C:\Program Files\Android\Android Studio2\jre\jre\bin\server\jvm.dll
0x000007fef8530000 - 0x000007fef8539000 	C:\Windows\system32\WSOCK32.dll
0x000007fefeda0000 - 0x000007fefeded000 	C:\Windows\system32\WS2_32.dll
0x000007feff1c0000 - 0x000007feff1c8000 	C:\Windows\system32\NSI.dll
0x000007fefaf40000 - 0x000007fefaf7b000 	C:\Windows\system32\WINMM.dll
0x000007fefc7e0000 - 0x000007fefc7ec000 	C:\Windows\system32\VERSION.dll
0x0000000077c40000 - 0x0000000077c47000 	C:\Windows\system32\PSAPI.DLL
0x000007fefa1e0000 - 0x000007fefa1ef000 	C:\Program Files\Android\Android Studio2\jre\jre\bin\verify.dll
0x000007fef9f20000 - 0x000007fef9f49000 	C:\Program Files\Android\Android Studio2\jre\jre\bin\java.dll
0x000007fef8450000 - 0x000007fef8466000 	C:\Program Files\Android\Android Studio2\jre\jre\bin\zip.dll
0x000007fefe010000 - 0x000007fefed9b000 	C:\Windows\system32\SHELL32.dll
0x000007feff9d0000 - 0x000007feffbcf000 	C:\Windows\system32\ole32.dll
0x000007fefd600000 - 0x000007fefd60f000 	C:\Windows\system32\profapi.dll
0x000007fef5210000 - 0x000007fef522a000 	C:\Program Files\Android\Android Studio2\jre\jre\bin\net.dll
0x000007fefcd10000 - 0x000007fefcd65000 	C:\Windows\system32\mswsock.dll
0x000007fefcf70000 - 0x000007fefcf77000 	C:\Windows\System32\wship6.dll
0x000007fefa120000 - 0x000007fefa131000 	C:\Program Files\Android\Android Studio2\jre\jre\bin\nio.dll
0x000007fef84a0000 - 0x000007fef84be000 	C:\Users\user\.gradle\native\25\windows-amd64\native-platform.dll
0x000007fefa500000 - 0x000007fefa50d000 	C:\Program Files\Android\Android Studio2\jre\jre\bin\management.dll
0x000007fefd000000 - 0x000007fefd018000 	C:\Windows\system32\CRYPTSP.dll
0x000007fefca40000 - 0x000007fefca87000 	C:\Windows\system32\rsaenh.dll
0x000007fefd990000 - 0x000007fefd9af000 	C:\Windows\system32\USERENV.dll
0x000007fefd490000 - 0x000007fefd49f000 	C:\Windows\system32\CRYPTBASE.dll
0x000007fef9e20000 - 0x000007fef9e47000 	C:\Windows\system32\IPHLPAPI.DLL
0x000007fef9e10000 - 0x000007fef9e1b000 	C:\Windows\system32\WINNSI.DLL
0x000007fef9b00000 - 0x000007fef9b18000 	C:\Windows\system32\dhcpcsvc.DLL
0x000007fef9ae0000 - 0x000007fef9af1000 	C:\Windows\system32\dhcpcsvc6.DLL
0x000007fefd430000 - 0x000007fefd487000 	C:\Windows\system32\apphelp.dll

VM Arguments:
jvm_args: -Xmx1536m -Dfile.encoding=windows-1251 -Duser.country=US -Duser.language=en -Duser.variant 
java_command: org.gradle.launcher.daemon.bootstrap.GradleDaemon 5.1.1
java_class_path (initial): C:\Users\user\.gradle\wrapper\dists\gradle-5.1.1-all\97z1ksx6lirer3kbvdnh7jtjg\gradle-5.1.1\lib\gradle-launcher-5.1.1.jar
Launcher Type: SUN_STANDARD

Environment Variables:
PATH=C:\Users\user\Anaconda3\Scripts;C:\Users\user\AppData\Roaming\npm;C:\Users\user\AppData\Local\Programs\Microsoft VS Code\bin;C:\Users\user\AppData\Local\GitHubDesktop\bin
USERNAME=user
OS=Windows_NT
PROCESSOR_IDENTIFIER=Intel64 Family 6 Model 58 Stepping 9, GenuineIntel



---------------  S Y S T E M  ---------------

OS: Windows 7 , 64 bit Build 7601 (6.1.7601.24475)

CPU:total 8 (initial active 8) (4 cores per cpu, 2 threads per core) family 6 model 58 stepping 9, cmov, cx8, fxsr, mmx, sse, sse2, sse3, ssse3, sse4.1, sse4.2, popcnt, avx, aes, clmul, erms, ht, tsc, tscinvbit, tscinv

Memory: 4k page, physical 4125248k(97172k free), swap 10115128k(3936k free)

vm_info: OpenJDK 64-Bit Server VM (25.152-b01) for windows-amd64 JRE (1.8.0_152-release-1343-b01), built by "builder" with MS VC++ 10.0 (VS2010)

time: Fri Jun 14 14:47:32 2019
elapsed time: 5307 seconds (0d 1h 28m 27s)

