JvmtiExport can_access_local_variables 0
JvmtiExport can_hotswap_or_post_breakpoint 0
JvmtiExport can_post_on_exceptions 0
# 156 ciObject found
instanceKlass org/gradle/internal/snapshot/impl/DefaultFileSystemSnapshotter$1
instanceKlass org/gradle/internal/classloader/ConfigurableClassLoaderHierarchyHasher$1
instanceKlass sun/nio/cs/US_ASCII$1
instanceKlass org/gradle/api/internal/artifacts/ivyservice/resolutionstrategy/DefaultCachePolicy$1
instanceKlass java/util/IdentityHashMap$1
instanceKlass com/android/tools/r8/ir/code/StaticPut$1
instanceKlass com/android/tools/r8/ir/conversion/DexBuilder$FillArrayDataInfo
instanceKlass com/android/tools/r8/ir/optimize/CodeRewriter$$Lambda$769
instanceKlass com/android/tools/r8/ir/optimize/CodeRewriter$$Lambda$768
instanceKlass java/lang/invoke/LambdaForm$MH
instanceKlass java/lang/invoke/LambdaForm$DMH
instanceKlass java/lang/invoke/LambdaForm$DMH
instanceKlass com/android/tools/r8/graph/JarClassFileReader$$Lambda$767
instanceKlass java/lang/invoke/LambdaForm$DMH
instanceKlass com/android/tools/r8/graph/DexEncodedMethod$ClassInlinerEligibility
instanceKlass com/android/tools/r8/com/google/common/base/Equivalence$1
instanceKlass com/android/tools/r8/graph/DexValue$1
instanceKlass com/android/build/gradle/internal/pipeline/TransformTask$$Lambda$766
instanceKlass com/sun/tools/javac/comp/Lower$7
instanceKlass com/sun/tools/javac/code/Types$TypePair
instanceKlass org/gradle/internal/serialize/kryo/StringDeduplicatingKryoBackedEncoder$1
instanceKlass org/gradle/internal/typeconversion/NotationConverterToNotationParserAdapter$1
instanceKlass org/gradle/internal/operations/BuildOperationDescriptor$1
instanceKlass com/android/tools/r8/it/unimi/dsi/fastutil/ints/Int2ReferenceAVLTreeMap$2$1
instanceKlass com/google/common/collect/ImmutableList$SerializedForm
instanceKlass com/android/builder/model/TestVariantBuildOutput
instanceKlass com/android/build/FilterData
instanceKlass com/android/build/OutputFile
instanceKlass com/android/build/VariantOutput
instanceKlass com/android/builder/model/VariantBuildOutput
instanceKlass com/android/builder/model/BaseBuildOutput
instanceKlass com/android/build/gradle/internal/ide/DefaultProjectBuildOutput
instanceKlass com/android/build/gradle/internal/ide/BuildOutputsSupplier$$Lambda$765
instanceKlass com/android/builder/model/VariantBuildOutput
instanceKlass com/android/build/gradle/internal/ide/BuildOutputsSupplier$$Lambda$764
instanceKlass com/android/build/gradle/internal/ide/BuildOutputsSupplier
instanceKlass com/android/build/gradle/internal/ide/EarlySyncBuildOutput$Companion
instanceKlass com/android/build/gradle/internal/ide/EarlySyncBuildOutput
instanceKlass com/android/build/gradle/internal/ide/ModelBuilder$$Lambda$763
instanceKlass com/android/build/gradle/internal/ide/ModelBuilder$1
instanceKlass com/android/build/gradle/internal/ide/ModelBuilder$$Lambda$762
instanceKlass com/android/build/gradle/internal/ide/DefaultBaseBuildOutput
instanceKlass com/android/builder/model/TestVariantBuildOutput
instanceKlass com/android/builder/model/BaseBuildOutput
instanceKlass com/android/build/gradle/internal/ide/dependencies/BuildMappingUtils
instanceKlass com/android/builder/model/ProjectBuildOutput
instanceKlass com/android/builder/model/AppBundleVariantBuildOutput
instanceKlass com/android/build/gradle/internal/ide/DefaultAppBundleProjectBuildOutput
instanceKlass com/android/build/gradle/internal/ide/DefaultAppBundleVariantBuildOutput
instanceKlass com/android/builder/model/AppBundleVariantBuildOutput
instanceKlass com/android/builder/model/AppBundleProjectBuildOutput
instanceKlass com/android/builder/model/level2/GlobalLibraryMap
instanceKlass com/android/builder/model/AndroidProject
instanceKlass com/android/builder/model/AppBundleProjectBuildOutput
instanceKlass com/android/tools/idea/gradle/run/OutputBuildAction$PostBuildModuleModels
instanceKlass com/google/common/collect/PeekingIterator
instanceKlass com/google/common/collect/UnmodifiableIterator
instanceKlass com/google/common/collect/Iterators
instanceKlass org/gradle/tooling/model/gradle/GradleScript
instanceKlass org/gradle/util/DistributionLocator
instanceKlass org/gradle/buildinit/plugins/BuildInitPlugin$1$2
instanceKlass org/gradle/api/internal/AbstractTask$5
instanceKlass org/gradle/buildinit/plugins/BuildInitPlugin$1$1
instanceKlass com/android/build/gradle/internal/tasks/ModuleMetadataWriterTask$CreationAction$configure$1
instanceKlass com/android/build/gradle/internal/tasks/UninstallTask$CreationAction$$Lambda$761
instanceKlass com/android/build/gradle/internal/tasks/UninstallTask$$Lambda$760
instanceKlass com/android/build/gradle/internal/tasks/UninstallTask$$Lambda$759
instanceKlass org/gradle/api/plugins/JavaBasePlugin$15
instanceKlass org/gradle/api/plugins/JavaBasePlugin$14
instanceKlass org/gradle/api/plugins/JavaBasePlugin$13
instanceKlass org/gradle/process/internal/JvmOptions
instanceKlass org/gradle/process/internal/DefaultProcessForkOptions
instanceKlass org/gradle/process/internal/JavaForkOptionsInternal
instanceKlass org/gradle/api/internal/tasks/testing/filter/DefaultTestFilter
instanceKlass org/gradle/api/reporting/internal/TaskGeneratedReport$1
instanceKlass org/gradle/api/reporting/internal/SimpleReport
instanceKlass org/gradle/api/reporting/internal/DefaultReportContainer$2
instanceKlass org/gradle/api/reporting/Report$1
instanceKlass org/gradle/api/reporting/internal/DefaultReportContainer$1
instanceKlass org/gradle/api/tasks/testing/JUnitXmlReport
instanceKlass org/gradle/api/internal/tasks/testing/logging/DefaultTestLogging
instanceKlass org/gradle/api/internal/tasks/testing/logging/DefaultTestLoggingContainer
instanceKlass org/gradle/api/internal/tasks/testing/junit/result/TestOutputStore
instanceKlass org/gradle/api/tasks/testing/logging/TestLoggingContainer
instanceKlass org/gradle/api/tasks/testing/logging/TestLogging
instanceKlass org/gradle/api/tasks/testing/TestTaskReports
instanceKlass org/gradle/api/internal/tasks/testing/JvmTestExecutionSpec
instanceKlass org/gradle/api/tasks/testing/TestFrameworkOptions
instanceKlass org/gradle/api/internal/tasks/testing/TestExecuter
instanceKlass org/gradle/api/internal/tasks/testing/TestExecutionSpec
instanceKlass org/gradle/api/internal/tasks/testing/TestFramework
instanceKlass org/gradle/api/reporting/DirectoryReport
instanceKlass org/gradle/api/internal/tasks/testing/logging/TestExceptionFormatter
instanceKlass org/gradle/api/internal/tasks/testing/report/TestReporter
instanceKlass org/gradle/api/internal/tasks/testing/junit/result/TestResultsProvider
instanceKlass org/gradle/api/internal/tasks/testing/TestResultProcessor
instanceKlass org/gradle/api/tasks/testing/TestOutputListener
instanceKlass org/gradle/api/tasks/testing/TestListener
instanceKlass org/gradle/api/reporting/ReportContainer
instanceKlass org/gradle/api/tasks/testing/TestFilter
instanceKlass org/gradle/api/tasks/diagnostics/internal/SingleProjectTaskReportModel
instanceKlass org/gradle/api/tasks/diagnostics/internal/TaskDetailsFactory
instanceKlass org/gradle/api/tasks/diagnostics/internal/TaskReportModel
instanceKlass com/android/build/gradle/internal/tasks/SigningReportTask$SigningInfo
instanceKlass org/gradle/internal/graph/GraphRenderer
instanceKlass com/android/build/gradle/tasks/ProcessTestManifest$CreationAction$$Lambda$758
instanceKlass com/android/build/gradle/tasks/ProcessTestManifest$CreationAction$$Lambda$757
instanceKlass com/android/build/gradle/tasks/ProcessTestManifest$CreationAction$$Lambda$756
instanceKlass com/android/build/gradle/tasks/ProcessTestManifest$CreationAction$$Lambda$755
instanceKlass com/android/build/gradle/tasks/ProcessTestManifest$CreationAction$$Lambda$754
instanceKlass com/android/build/gradle/tasks/ProcessTestManifest$CreationAction$$Lambda$753
instanceKlass com/android/build/gradle/tasks/ProcessTestManifest$CreationAction$$Lambda$752
instanceKlass com/android/build/gradle/tasks/ProcessTestManifest$CreationAction$$Lambda$751
instanceKlass com/android/build/gradle/tasks/ProcessTestManifest$CreationAction$$Lambda$750
instanceKlass com/android/build/gradle/internal/scope/GlobalScope$$Lambda$749
instanceKlass com/android/build/gradle/internal/scope/GlobalScope$$Lambda$748
instanceKlass com/android/build/gradle/internal/tasks/PackageBundleTaskKt
instanceKlass com/android/build/gradle/internal/tasks/PackageBundleTask$BundleFlags
instanceKlass com/android/build/gradle/internal/tasks/PackageBundleTask$BundleOptions
instanceKlass java/util/stream/Nodes$ArrayNode
instanceKlass java/util/stream/ReferencePipeline$$Lambda$747
instanceKlass com/android/build/gradle/internal/tasks/DexMergingTask$CreationAction$getDexFiles$1$files$1
instanceKlass com/android/build/gradle/internal/dependency/AndroidTestResourceArtifactCollection
instanceKlass com/android/build/gradle/tasks/LintGlobalTask$GlobalCreationAction$$Lambda$746
instanceKlass com/android/build/gradle/tasks/LintGlobalTask$GlobalCreationAction$$Lambda$745
instanceKlass com/android/build/gradle/tasks/LintBaseTask$VariantInputs
instanceKlass com/android/tools/lint/gradle/api/VariantInputs
instanceKlass com/android/tools/lint/gradle/api/LintExecutionRequest
instanceKlass com/android/build/gradle/internal/tasks/InstallVariantTask$CreationAction$$Lambda$744
instanceKlass com/android/build/gradle/internal/tasks/InstallVariantTask$CreationAction$$Lambda$743
instanceKlass com/android/build/gradle/internal/tasks/InstallVariantTask$$Lambda$742
instanceKlass com/android/builder/testing/api/DeviceConfigProvider
instanceKlass com/android/build/gradle/internal/tasks/featuresplit/FeatureSetMetadata$SupplierProviderImpl
instanceKlass com/android/build/gradle/internal/tasks/featuresplit/FeatureSetMetadata$SupplierProvider
instanceKlass com/android/build/gradle/internal/tasks/featuresplit/FeatureSetMetadata
instanceKlass org/gradle/api/plugins/HelpTasksPlugin$DependencyInsightReportTaskAction$1
instanceKlass org/gradle/api/tasks/diagnostics/ResolutionErrorRenderer
instanceKlass org/gradle/api/tasks/diagnostics/DependencyInsightReportTask$AttributeMatchDetails
instanceKlass org/gradle/api/tasks/diagnostics/AbstractReportTask$1
instanceKlass org/gradle/api/tasks/options/Option
instanceKlass com/android/build/gradle/internal/tasks/DeviceProviderInstrumentTestTask$CreationAction$$Lambda$741
instanceKlass org/gradle/api/internal/AbstractTask$9
instanceKlass com/android/build/gradle/internal/tasks/DeviceProviderInstrumentTestTask$CreationAction$$Lambda$740
instanceKlass com/android/build/gradle/internal/tasks/DeviceProviderInstrumentTestTask$CreationAction$$Lambda$739
instanceKlass com/android/build/gradle/internal/tasks/DeviceProviderInstrumentTestTask$1
instanceKlass com/android/build/gradle/internal/tasks/DeviceProviderInstrumentTestTask$$Lambda$738
instanceKlass com/android/build/gradle/internal/tasks/DeviceProviderInstrumentTestTask$TestRunnerFactory
instanceKlass com/android/build/gradle/internal/tasks/PerModuleReportDependenciesTask$CreationAction$configure$1
instanceKlass com/android/build/gradle/internal/res/LinkAndroidResForBundleTask$CreationAction$configure$2
instanceKlass com/android/build/gradle/internal/res/LinkAndroidResForBundleTask$CreationAction$configure$1
instanceKlass org/gradle/api/tasks/diagnostics/BuildEnvironmentReportTask$1
instanceKlass org/gradle/api/tasks/diagnostics/internal/dependencies/AsciiDependencyReportRenderer$ConfigurationAction
instanceKlass org/gradle/api/tasks/diagnostics/internal/graph/NodeRenderer
instanceKlass org/gradle/api/tasks/diagnostics/internal/graph/nodes/RenderableDependency
instanceKlass org/gradle/api/tasks/diagnostics/internal/ProjectReportGenerator
instanceKlass org/gradle/api/tasks/diagnostics/internal/DependencyReportRenderer
instanceKlass org/gradle/api/internal/AbstractTask$11
instanceKlass org/gradle/api/plugins/JavaBasePlugin$11$1
instanceKlass com/android/build/gradle/internal/tasks/PerModuleBundleTask$CreationAction$configure$1
instanceKlass com/android/builder/packaging/JarMerger$Relocator
instanceKlass com/android/builder/packaging/JarMerger
instanceKlass org/gradle/api/internal/tasks/PublicTaskSpecification
instanceKlass org/gradle/plugins/ide/internal/tooling/ToolingModelBuilderSupport
instanceKlass org/gradle/api/tasks/diagnostics/internal/text/TextReportBuilder
instanceKlass org/gradle/api/tasks/diagnostics/internal/TextReportRenderer
instanceKlass org/gradle/api/tasks/diagnostics/internal/ReportRenderer
instanceKlass org/gradle/plugins/ide/internal/tooling/model/DefaultGradleScript
instanceKlass org/gradle/tooling/model/gradle/GradleScript
instanceKlass org/gradle/plugins/ide/internal/tooling/model/DefaultGradleProject
instanceKlass org/gradle/internal/impldep/com/google/common/base/Objects
instanceKlass org/gradle/internal/impldep/com/google/common/base/Optional
instanceKlass org/gradle/tooling/internal/adapter/ProtocolToModelAdapter$MethodInvocationCache$MethodInvocationKey
instanceKlass org/gradle/tooling/internal/adapter/MethodInvocation
instanceKlass org/gradle/tooling/internal/adapter/ProtocolToModelAdapter$AdaptingMethodInvoker
instanceKlass org/gradle/tooling/internal/adapter/ProtocolToModelAdapter$PropertyCachingMethodInvoker
instanceKlass org/gradle/tooling/internal/adapter/ProtocolToModelAdapter$SafeMethodInvoker
instanceKlass org/gradle/tooling/internal/adapter/ProtocolToModelAdapter$SupportedPropertyInvoker
instanceKlass org/gradle/tooling/internal/adapter/ProtocolToModelAdapter$ChainedMethodInvoker
instanceKlass org/gradle/tooling/internal/adapter/ProtocolToModelAdapter$ClassMixInMethodInvoker
instanceKlass org/gradle/tooling/internal/adapter/ProtocolToModelAdapter$BeanMixInMethodInvoker
instanceKlass org/gradle/tooling/internal/adapter/ProtocolToModelAdapter$InvocationHandlerImpl
instanceKlass org/gradle/tooling/internal/adapter/ProtocolToModelAdapter$ViewKey
instanceKlass org/gradle/tooling/model/ProjectIdentifier
instanceKlass org/gradle/tooling/model/DomainObjectSet
instanceKlass org/gradle/tooling/model/BuildIdentifier
instanceKlass org/gradle/tooling/model/cpp/CppBinary
instanceKlass org/gradle/tooling/model/cpp/CppComponent
instanceKlass org/gradle/tooling/internal/adapter/ProtocolToModelAdapter$MixInMappingAction
instanceKlass org/gradle/tooling/internal/consumer/converters/IncludedBuildsMixin
instanceKlass org/gradle/tooling/internal/consumer/converters/IdeaModuleDependencyTargetNameMixin
instanceKlass org/gradle/tooling/internal/consumer/converters/IdeaProjectJavaLanguageSettingsMixin
instanceKlass org/gradle/tooling/internal/consumer/converters/TaskDisplayNameMixin
instanceKlass org/gradle/tooling/model/GradleTask
instanceKlass org/gradle/tooling/model/Task
instanceKlass org/gradle/tooling/model/Launchable
instanceKlass org/gradle/tooling/internal/consumer/converters/FixedBuildIdentifierProvider
instanceKlass org/gradle/tooling/internal/consumer/converters/BasicGradleProjectIdentifierMixin
instanceKlass org/gradle/tooling/model/gradle/BasicGradleProject
instanceKlass org/gradle/tooling/internal/adapter/ProtocolToModelAdapter$TypeSpecificMappingAction
instanceKlass org/gradle/tooling/internal/consumer/converters/GradleProjectIdentifierMixin
instanceKlass org/gradle/tooling/internal/gradle/DefaultBuildIdentifier
instanceKlass org/gradle/tooling/internal/gradle/DefaultProjectIdentifier
instanceKlass org/gradle/tooling/internal/gradle/GradleProjectIdentity
instanceKlass org/gradle/tooling/internal/gradle/GradleBuildIdentity
instanceKlass org/gradle/tooling/internal/adapter/ProtocolToModelAdapter$DefaultViewBuilder
instanceKlass org/gradle/tooling/internal/provider/connection/ProviderBuildResult
instanceKlass org/gradle/tooling/internal/gradle/DefaultBuildIdentifier
instanceKlass org/gradle/tooling/model/BuildIdentifier
instanceKlass org/gradle/tooling/internal/gradle/DefaultProjectIdentifier
instanceKlass org/gradle/tooling/model/ProjectIdentifier
instanceKlass org/gradle/plugins/ide/internal/tooling/model/DefaultGradleBuild
instanceKlass org/gradle/tooling/provider/model/internal/DefaultToolingModelBuilderRegistry$BuildOperationWrappingToolingModelBuilder$1$1
instanceKlass org/gradle/tooling/provider/model/internal/DefaultToolingModelBuilderRegistry$BuildOperationWrappingToolingModelBuilder$1
instanceKlass org/gradle/tooling/provider/model/internal/DefaultToolingModelBuilderRegistry$BuildOperationWrappingToolingModelBuilder
instanceKlass org/gradle/tooling/model/cpp/CppProject
instanceKlass org/gradle/tooling/model/ProjectModel
instanceKlass org/gradle/tooling/internal/consumer/versioning/ModelMapping$DefaultModelIdentifier
instanceKlass org/gradle/tooling/internal/adapter/ProtocolToModelAdapter$2
instanceKlass org/gradle/tooling/internal/adapter/ProtocolToModelAdapter$ViewGraphDetails
instanceKlass org/gradle/tooling/model/gradle/ProjectPublications
instanceKlass org/gradle/tooling/model/gradle/GradleBuild
instanceKlass org/gradle/tooling/internal/protocol/InternalProjectOutcomes
instanceKlass org/gradle/tooling/model/internal/outcomes/ProjectOutcomes
instanceKlass org/gradle/tooling/internal/protocol/InternalBuildEnvironment
instanceKlass org/gradle/tooling/model/build/BuildEnvironment
instanceKlass org/gradle/tooling/model/BuildModel
instanceKlass org/gradle/tooling/internal/protocol/InternalBasicIdeaProject
instanceKlass org/gradle/tooling/model/idea/BasicIdeaProject
instanceKlass org/gradle/tooling/internal/protocol/InternalGradleProject
instanceKlass org/gradle/tooling/model/GradleProject
instanceKlass org/gradle/tooling/model/BuildableElement
instanceKlass org/gradle/tooling/internal/protocol/InternalIdeaProject
instanceKlass org/gradle/tooling/model/idea/IdeaProject
instanceKlass org/gradle/tooling/internal/protocol/eclipse/EclipseProjectVersion3
instanceKlass org/gradle/tooling/internal/protocol/ProjectVersion3
instanceKlass org/gradle/tooling/internal/protocol/BuildableProjectVersion1
instanceKlass org/gradle/tooling/model/eclipse/EclipseProject
instanceKlass org/gradle/tooling/internal/protocol/eclipse/HierarchicalEclipseProjectVersion1
instanceKlass org/gradle/tooling/internal/protocol/HierarchicalProjectVersion1
instanceKlass org/gradle/tooling/model/eclipse/HierarchicalEclipseProject
instanceKlass org/gradle/tooling/model/HasGradleProject
instanceKlass org/gradle/tooling/model/ProjectModel
instanceKlass org/gradle/tooling/model/HierarchicalElement
instanceKlass org/gradle/tooling/model/Element
instanceKlass org/gradle/internal/impldep/com/google/common/collect/AbstractMapEntry
instanceKlass org/gradle/internal/impldep/com/google/common/collect/Hashing
instanceKlass org/gradle/internal/impldep/com/google/common/collect/CollectPreconditions
instanceKlass org/gradle/tooling/internal/protocol/ModelIdentifier
instanceKlass org/gradle/internal/impldep/com/google/common/collect/BiMap
instanceKlass org/gradle/tooling/internal/consumer/versioning/ModelMapping
instanceKlass org/gradle/tooling/internal/consumer/connection/InternalBuildActionAdapter$2
instanceKlass org/gradle/tooling/internal/consumer/connection/HasCompatibilityMapping
instanceKlass org/gradle/tooling/model/internal/outcomes/GradleFileBuildOutcome
instanceKlass org/gradle/tooling/model/internal/outcomes/GradleBuildOutcome
instanceKlass org/gradle/tooling/model/idea/IdeaModuleDependency
instanceKlass org/gradle/tooling/model/idea/IdeaSingleEntryLibraryDependency
instanceKlass org/gradle/tooling/model/ExternalDependency
instanceKlass org/gradle/tooling/model/idea/IdeaDependency
instanceKlass org/gradle/tooling/model/Dependency
instanceKlass org/gradle/tooling/internal/consumer/converters/ConsumerTargetTypeProvider
instanceKlass org/gradle/tooling/internal/adapter/CollectionMapper
instanceKlass org/gradle/tooling/internal/adapter/TypeInspector
instanceKlass org/gradle/internal/impldep/com/google/common/base/Preconditions
instanceKlass org/gradle/internal/time/DefaultTimer
instanceKlass org/gradle/internal/time/TimeSource$1
instanceKlass org/gradle/internal/time/TimeSource
instanceKlass org/gradle/internal/time/MonotonicClock
instanceKlass org/gradle/internal/time/CountdownTimer
instanceKlass org/gradle/internal/time/Timer
instanceKlass org/gradle/internal/time/Clock
instanceKlass org/gradle/internal/time/Time
instanceKlass org/gradle/tooling/internal/adapter/ProtocolToModelAdapter$MethodInvocationCache
instanceKlass org/gradle/tooling/internal/adapter/ProtocolToModelAdapter$ReflectionMethodInvoker
instanceKlass org/gradle/tooling/internal/adapter/MethodInvoker
instanceKlass org/gradle/tooling/internal/adapter/ProtocolToModelAdapter$1
instanceKlass org/gradle/tooling/internal/adapter/ProtocolToModelAdapter$NoOpDecoration
instanceKlass org/gradle/internal/typeconversion/NotationParser
instanceKlass org/gradle/internal/typeconversion/NotationConverter
instanceKlass org/gradle/tooling/internal/adapter/ViewBuilder
instanceKlass org/gradle/tooling/internal/adapter/ProtocolToModelAdapter$ViewDecoration
instanceKlass org/gradle/tooling/internal/adapter/ProtocolToModelAdapter
instanceKlass org/gradle/tooling/internal/adapter/ObjectGraphAdapter
instanceKlass org/gradle/tooling/internal/protocol/BuildResult
instanceKlass org/gradle/tooling/internal/provider/runner/DefaultBuildController
instanceKlass com/google/wireless/android/sdk/stats/InstantRunArtifact$Type$1
instanceKlass com/google/wireless/android/sdk/stats/InstantRunStatus$VerifierStatus$1
instanceKlass com/google/wireless/android/sdk/stats/InstantRunStatus$PatchingPolicy$1
instanceKlass com/google/wireless/android/sdk/stats/InstantRunStatus$BuildMode$1
instanceKlass com/android/build/gradle/internal/incremental/InstantRunAnalyticsHelper$1
instanceKlass com/google/wireless/android/sdk/stats/InstantRunArtifactOrBuilder
instanceKlass com/android/build/gradle/internal/incremental/InstantRunAnalyticsHelper
instanceKlass com/android/build/gradle/internal/incremental/InstantRunBuildContext$$Lambda$737
instanceKlass com/android/builder/packaging/PackagingUtils
instanceKlass com/android/build/gradle/tasks/PackageAndroidArtifact$$Lambda$736
instanceKlass com/android/build/gradle/tasks/PackageAndroidArtifact$$Lambda$735
instanceKlass com/android/build/gradle/tasks/PackageAndroidArtifact$$Lambda$734
instanceKlass com/android/build/gradle/tasks/PackageAndroidArtifact$$Lambda$733
instanceKlass com/android/builder/internal/packaging/DexIncrementalRenameManager$1
instanceKlass com/android/builder/internal/packaging/DexIncrementalRenameManager$$Lambda$732
instanceKlass com/android/builder/internal/packaging/DexIncrementalRenameManager$$Lambda$731
instanceKlass com/android/builder/internal/packaging/DexIncrementalRenameManager$$Lambda$730
instanceKlass com/android/builder/internal/packaging/DexIncrementalRenameManager$Bucket
instanceKlass com/android/builder/internal/packaging/DexIncrementalRenameManager$$Lambda$729
instanceKlass com/android/builder/internal/packaging/DexFileNameSupplier
instanceKlass java/util/stream/SortedOps$RefSortingSink$$Lambda$728
instanceKlass com/android/builder/internal/packaging/DexIncrementalRenameManager$$Lambda$727
instanceKlass com/android/builder/internal/packaging/DexIncrementalRenameManager$DexFileComparator
instanceKlass com/android/builder/internal/packaging/DexIncrementalRenameManager$$Lambda$726
instanceKlass com/android/builder/internal/packaging/DexIncrementalRenameManager$$Lambda$725
instanceKlass com/android/apksig/ApkVerifier$ByteArray
instanceKlass com/android/apksig/ApkVerifier$Result$V1SchemeSignerInfo
instanceKlass com/android/apksig/internal/apk/v1/V1SchemeVerifier$NamedDigest
instanceKlass com/android/apksig/internal/util/ByteBufferUtils
instanceKlass com/android/apksig/internal/asn1/Asn1BerParser$BerToJavaConverter
instanceKlass com/android/apksig/internal/asn1/Asn1BerParser$$Lambda$724
instanceKlass com/android/apksig/internal/asn1/Asn1BerParser$AnnotatedField
instanceKlass com/android/apksig/internal/asn1/Asn1BerParser$1
instanceKlass com/android/apksig/internal/asn1/ber/BerDataValue
instanceKlass com/android/apksig/internal/asn1/ber/ByteBufferBerDataValueReader
instanceKlass com/android/apksig/internal/asn1/ber/BerDataValueReader
instanceKlass com/android/apksig/internal/asn1/Asn1BerParser
instanceKlass com/android/apksig/internal/util/InclusiveIntRange
instanceKlass com/android/apksig/internal/apk/v1/V1SchemeVerifier$Signer
instanceKlass com/android/apksig/internal/apk/v1/V1SchemeVerifier$Result$SignerInfo
instanceKlass com/android/apksig/internal/jar/ManifestParser$Section
instanceKlass com/android/apksig/internal/jar/ManifestParser$Attribute
instanceKlass com/android/apksig/internal/jar/ManifestParser
instanceKlass com/android/apksig/internal/apk/v1/V1SchemeVerifier$Signers
instanceKlass com/android/apksig/internal/apk/v1/V1SchemeVerifier$Result
instanceKlass com/android/apksig/internal/apk/AndroidBinXmlParser$Attribute
instanceKlass com/android/apksig/internal/apk/AndroidBinXmlParser$ResourceMap
instanceKlass com/android/apksig/internal/apk/AndroidBinXmlParser$StringPool
instanceKlass com/android/apksig/internal/apk/AndroidBinXmlParser$Chunk
instanceKlass com/android/apksig/internal/apk/AndroidBinXmlParser
instanceKlass com/android/apksig/internal/zip/LocalFileRecord$InflateSinkAdapter
instanceKlass com/android/apksig/internal/util/ByteBufferSink
